<?xml version="1.0" encoding="UTF-8"?>
<!-- Generated by org.testng.reporters.JUnitReportReporter -->
<testsuite hostname="DESKTOP-SU3UOIP" failures="0" tests="1" name="com.Rainbow.Testcases.ConversationTest" time="23.076" errors="0" timestamp="2022-04-11T00:18:54 EEST" skipped="0">
  <testcase classname="com.Rainbow.Testcases.ConversationTest" name="Conversation" time="23.076"/>
  <system-out/>
</testsuite> <!-- com.Rainbow.Testcases.ConversationTest -->
