<?xml version="1.0" encoding="UTF-8"?>
<!-- Generated by org.testng.reporters.JUnitReportReporter -->
<testsuite hostname="DESKTOP-SU3UOIP" failures="0" tests="2" name="com.Rainbow.Testcases.ReadWriteDataFromCSV" time="44.083" errors="0" timestamp="2022-04-11T00:18:54 EEST" skipped="0">
  <testcase classname="com.Rainbow.Testcases.ReadWriteDataFromCSV" name="WriteDataToCsv" time="22.424"/>
  <system-out/>
  <testcase classname="com.Rainbow.Testcases.ReadWriteDataFromCSV" name="WriteDataToCsv" time="21.659"/>
  <system-out/>
</testsuite> <!-- com.Rainbow.Testcases.ReadWriteDataFromCSV -->
